0 info it worked if it ends with ok
1 verbose cli [ '/usr/bin/node', '/usr/bin/npm', 'run', 'test' ]
2 info using npm@3.5.2
3 info using node@v8.10.0
4 verbose run-script [ 'pretest', 'test', 'posttest' ]
5 info lifecycle sqs-consumer-decorator@0.0.1~pretest: sqs-consumer-decorator@0.0.1
6 silly lifecycle sqs-consumer-decorator@0.0.1~pretest: no script for pretest, continuing
7 info lifecycle sqs-consumer-decorator@0.0.1~test: sqs-consumer-decorator@0.0.1
8 verbose lifecycle sqs-consumer-decorator@0.0.1~test: unsafe-perm in lifecycle true
9 verbose lifecycle sqs-consumer-decorator@0.0.1~test: PATH: /usr/share/npm/bin/node-gyp-bin:/mnt/e/Fifuan/Proyectos/sqs-consumer-decorator/node_modules/.bin:/usr/local/sbin:/usr/local/bin:/usr/sbin:/usr/bin:/sbin:/bin:/usr/games:/usr/local/games:/mnt/e/Fifuan/Proyectos/sqs-consumer-decorator/node_modules/.bin:/mnt/c/ProgramData/DockerDesktop/version-bin:/mnt/c/Program Files/Docker/Docker/Resources/bin:/mnt/c/Program Files (x86)/NVIDIA Corporation/PhysX/Common:/mnt/c/Program Files (x86)/Intel/Intel(R) Management Engine Components/iCLS/:/mnt/c/Program Files/Intel/Intel(R) Management Engine Components/iCLS/:/mnt/c/WINDOWS/system32:/mnt/c/WINDOWS:/mnt/c/WINDOWS/System32/Wbem:/mnt/c/WINDOWS/System32/WindowsPowerShell/v1.0/:/mnt/c/Program Files (x86)/Intel/Intel(R) Management Engine Components/DAL:/mnt/c/Program Files/Intel/Intel(R) Management Engine Components/DAL:/mnt/c/Program Files (x86)/Intel/Intel(R) Management Engine Components/IPT:/mnt/c/Program Files/Intel/Intel(R) Management Engine Components/IPT:/mnt/c/WINDOWS/System32/OpenSSH/:/mnt/c/Program Files (x86)/Calibre2/:/mnt/c/Program Files/TortoiseSVN/bin:/mnt/e/Fifuan/Programas/XAMP/php:/mnt/c/ProgramData/ComposerSetup/bin:/mnt/c/Users/Fifuan/AppData/Local/Microsoft/WindowsApps:/mnt/c/Users/Fifuan/AppData/Roaming/Composer/vendor/bin:/snap/bin
10 verbose lifecycle sqs-consumer-decorator@0.0.1~test: CWD: /mnt/e/Fifuan/Proyectos/sqs-consumer-decorator
11 silly lifecycle sqs-consumer-decorator@0.0.1~test: Args: [ '-c', 'mocha --require ts-node/register test/**/*.ts --exit' ]
12 silly lifecycle sqs-consumer-decorator@0.0.1~test: Returned: code: 1  signal: null
13 info lifecycle sqs-consumer-decorator@0.0.1~test: Failed to exec test script
14 verbose stack Error: sqs-consumer-decorator@0.0.1 test: `mocha --require ts-node/register test/**/*.ts --exit`
14 verbose stack Exit status 1
14 verbose stack     at EventEmitter.<anonymous> (/usr/share/npm/lib/utils/lifecycle.js:232:16)
14 verbose stack     at emitTwo (events.js:126:13)
14 verbose stack     at EventEmitter.emit (events.js:214:7)
14 verbose stack     at ChildProcess.<anonymous> (/usr/share/npm/lib/utils/spawn.js:24:14)
14 verbose stack     at emitTwo (events.js:126:13)
14 verbose stack     at ChildProcess.emit (events.js:214:7)
14 verbose stack     at maybeClose (internal/child_process.js:925:16)
14 verbose stack     at Process.ChildProcess._handle.onexit (internal/child_process.js:209:5)
15 verbose pkgid sqs-consumer-decorator@0.0.1
16 verbose cwd /mnt/e/Fifuan/Proyectos/sqs-consumer-decorator
17 error Linux 4.4.0-18362-Microsoft
18 error argv "/usr/bin/node" "/usr/bin/npm" "run" "test"
19 error node v8.10.0
20 error npm  v3.5.2
21 error code ELIFECYCLE
22 error sqs-consumer-decorator@0.0.1 test: `mocha --require ts-node/register test/**/*.ts --exit`
22 error Exit status 1
23 error Failed at the sqs-consumer-decorator@0.0.1 test script 'mocha --require ts-node/register test/**/*.ts --exit'.
23 error Make sure you have the latest version of node.js and npm installed.
23 error If you do, this is most likely a problem with the sqs-consumer-decorator package,
23 error not with npm itself.
23 error Tell the author that this fails on your system:
23 error     mocha --require ts-node/register test/**/*.ts --exit
23 error You can get information on how to open an issue for this project with:
23 error     npm bugs sqs-consumer-decorator
23 error Or if that isn't available, you can get their info via:
23 error     npm owner ls sqs-consumer-decorator
23 error There is likely additional logging output above.
24 verbose exit [ 1, true ]
